# JRE version: Java(TM) SE Runtime Environment (8.0_171-b11) (build 1.8.0_171-b11)
# Java VM: Java HotSpot(TM) 64-Bit Server VM (25.171-b11 mixed mode bsd-amd64 compressed oops)
Heap:
 PSYoungGen      total 25088K, used 15446K [0x0000000795580000, 0x0000000796f80000, 0x00000007c0000000)
  eden space 23552K, 60% used [0x0000000795580000,0x0000000796370dd8,0x0000000796c80000)
  from space 1536K, 76% used [0x0000000796e00000,0x0000000796f24a38,0x0000000796f80000)
  to   space 1536K, 0% used [0x0000000796c80000,0x0000000796c80000,0x0000000796e00000)
 ParOldGen       total 87552K, used 2044K [0x0000000740000000, 0x0000000745580000, 0x0000000795580000)
  object space 87552K, 2% used [0x0000000740000000,0x00000007401ff280,0x0000000745580000)
 Metaspace       used 5698K, capacity 5930K, committed 6144K, reserved 1056768K
  class space    used 569K, capacity 647K, committed 768K, reserved 1048576K
GC Heap History (10 events):
Event: 708.476 GC heap before
{Heap before GC invocations=78 (full 0):
 PSYoungGen      total 25600K, used 24850K [0x0000000795580000, 0x0000000797080000, 0x00000007c0000000)
  eden space 23552K, 100% used [0x0000000795580000,0x0000000796c80000,0x0000000796c80000)
  from space 2048K, 63% used [0x0000000796c80000,0x0000000796dc4a38,0x0000000796e80000)
  to   space 2048K, 0% used [0x0000000796e80000,0x0000000796e80000,0x0000000797080000)
 ParOldGen       total 87552K, used 1996K [0x0000000740000000, 0x0000000745580000, 0x0000000795580000)
  object space 87552K, 2% used [0x0000000740000000,0x00000007401f3280,0x0000000745580000)
 Metaspace       used 5695K, capacity 5930K, committed 6144K, reserved 1056768K
  class space    used 568K, capacity 647K, committed 768K, reserved 1048576K
Event: 708.478 GC heap after
Heap after GC invocations=78 (full 0):
 PSYoungGen      total 25600K, used 1234K [0x0000000795580000, 0x0000000797080000, 0x00000007c0000000)
  eden space 23552K, 0% used [0x0000000795580000,0x0000000795580000,0x0000000796c80000)
  from space 2048K, 60% used [0x0000000796e80000,0x0000000796fb4a38,0x0000000797080000)
  to   space 2048K, 0% used [0x0000000796c80000,0x0000000796c80000,0x0000000796e80000)
 ParOldGen       total 87552K, used 2004K [0x0000000740000000, 0x0000000745580000, 0x0000000795580000)
  object space 87552K, 2% used [0x0000000740000000,0x00000007401f5280,0x0000000745580000)
 Metaspace       used 5695K, capacity 5930K, committed 6144K, reserved 1056768K
  class space    used 568K, capacity 647K, committed 768K, reserved 1048576K
}
Event: 716.672 GC heap before
{Heap before GC invocations=79 (full 0):
 PSYoungGen      total 25600K, used 24786K [0x0000000795580000, 0x0000000797080000, 0x00000007c0000000)
  eden space 23552K, 100% used [0x0000000795580000,0x0000000796c80000,0x0000000796c80000)
  from space 2048K, 60% used [0x0000000796e80000,0x0000000796fb4a38,0x0000000797080000)
  to   space 2048K, 0% used [0x0000000796c80000,0x0000000796c80000,0x0000000796e80000)
 ParOldGen       total 87552K, used 2004K [0x0000000740000000, 0x0000000745580000, 0x0000000795580000)
  object space 87552K, 2% used [0x0000000740000000,0x00000007401f5280,0x0000000745580000)
 Metaspace       used 5695K, capacity 5930K, committed 6144K, reserved 1056768K
  class space    used 568K, capacity 647K, committed 768K, reserved 1048576K
Event: 716.674 GC heap after
Heap after GC invocations=79 (full 0):
 PSYoungGen      total 25600K, used 1202K [0x0000000795580000, 0x0000000797080000, 0x00000007c0000000)
  eden space 23552K, 0% used [0x0000000795580000,0x0000000795580000,0x0000000796c80000)
  from space 2048K, 58% used [0x0000000796c80000,0x0000000796daca38,0x0000000796e80000)
  to   space 2048K, 0% used [0x0000000796e80000,0x0000000796e80000,0x0000000797080000)
 ParOldGen       total 87552K, used 2012K [0x0000000740000000, 0x0000000745580000, 0x0000000795580000)
  object space 87552K, 2% used [0x0000000740000000,0x00000007401f7280,0x0000000745580000)
 Metaspace       used 5695K, capacity 5930K, committed 6144K, reserved 1056768K
  class space    used 568K, capacity 647K, committed 768K, reserved 1048576K
}
Event: 724.862 GC heap before
{Heap before GC invocations=80 (full 0):
 PSYoungGen      total 25600K, used 24754K [0x0000000795580000, 0x0000000797080000, 0x00000007c0000000)
  eden space 23552K, 100% used [0x0000000795580000,0x0000000796c80000,0x0000000796c80000)
  from space 2048K, 58% used [0x0000000796c80000,0x0000000796daca38,0x0000000796e80000)
  to   space 2048K, 0% used [0x0000000796e80000,0x0000000796e80000,0x0000000797080000)
 ParOldGen       total 87552K, used 2012K [0x0000000740000000, 0x0000000745580000, 0x0000000795580000)
  object space 87552K, 2% used [0x0000000740000000,0x00000007401f7280,0x0000000745580000)
 Metaspace       used 5695K, capacity 5930K, committed 6144K, reserved 1056768K
  class space    used 568K, capacity 647K, committed 768K, reserved 1048576K
Event: 724.865 GC heap after
Heap after GC invocations=80 (full 0):
 PSYoungGen      total 25600K, used 1202K [0x0000000795580000, 0x0000000797080000, 0x00000007c0000000)
  eden space 23552K, 0% used [0x0000000795580000,0x0000000795580000,0x0000000796c80000)
  from space 2048K, 58% used [0x0000000796e80000,0x0000000796faca38,0x0000000797080000)
  to   space 2048K, 0% used [0x0000000796c80000,0x0000000796c80000,0x0000000796e80000)
 ParOldGen       total 87552K, used 2020K [0x0000000740000000, 0x0000000745580000, 0x0000000795580000)
  object space 87552K, 2% used [0x0000000740000000,0x00000007401f9280,0x0000000745580000)
 Metaspace       used 5695K, capacity 5930K, committed 6144K, reserved 1056768K
  class space    used 568K, capacity 647K, committed 768K, reserved 1048576K
}
Event: 732.866 GC heap before
{Heap before GC invocations=81 (full 0):
 PSYoungGen      total 25600K, used 24754K [0x0000000795580000, 0x0000000797080000, 0x00000007c0000000)
  eden space 23552K, 100% used [0x0000000795580000,0x0000000796c80000,0x0000000796c80000)
  from space 2048K, 58% used [0x0000000796e80000,0x0000000796faca38,0x0000000797080000)
  to   space 2048K, 0% used [0x0000000796c80000,0x0000000796c80000,0x0000000796e80000)
 ParOldGen       total 87552K, used 2020K [0x0000000740000000, 0x0000000745580000, 0x0000000795580000)
  object space 87552K, 2% used [0x0000000740000000,0x00000007401f9280,0x0000000745580000)
 Metaspace       used 5696K, capacity 5930K, committed 6144K, reserved 1056768K
  class space    used 568K, capacity 647K, committed 768K, reserved 1048576K
Event: 732.868 GC heap after
Heap after GC invocations=81 (full 0):
 PSYoungGen      total 25088K, used 1138K [0x0000000795580000, 0x0000000796f80000, 0x00000007c0000000)
  eden space 23552K, 0% used [0x0000000795580000,0x0000000795580000,0x0000000796c80000)
  from space 1536K, 74% used [0x0000000796c80000,0x0000000796d9ca38,0x0000000796e00000)
  to   space 1536K, 0% used [0x0000000796e00000,0x0000000796e00000,0x0000000796f80000)
 ParOldGen       total 87552K, used 2028K [0x0000000740000000, 0x0000000745580000, 0x0000000795580000)
  object space 87552K, 2% used [0x0000000740000000,0x00000007401fb280,0x0000000745580000)
 Metaspace       used 5696K, capacity 5930K, committed 6144K, reserved 1056768K
  class space    used 568K, capacity 647K, committed 768K, reserved 1048576K
}
Event: 740.251 GC heap before
{Heap before GC invocations=82 (full 0):
 PSYoungGen      total 25088K, used 24690K [0x0000000795580000, 0x0000000796f80000, 0x00000007c0000000)
  eden space 23552K, 100% used [0x0000000795580000,0x0000000796c80000,0x0000000796c80000)
  from space 1536K, 74% used [0x0000000796c80000,0x0000000796d9ca38,0x0000000796e00000)
  to   space 1536K, 0% used [0x0000000796e00000,0x0000000796e00000,0x0000000796f80000)
 ParOldGen       total 87552K, used 2028K [0x0000000740000000, 0x0000000745580000, 0x0000000795580000)
  object space 87552K, 2% used [0x0000000740000000,0x00000007401fb280,0x0000000745580000)
 Metaspace       used 5697K, capacity 5930K, committed 6144K, reserved 1056768K
  class space    used 569K, capacity 647K, committed 768K, reserved 1048576K
Event: 740.253 GC heap after
Heap after GC invocations=82 (full 0):
 PSYoungGen      total 25088K, used 1170K [0x0000000795580000, 0x0000000796f80000, 0x00000007c0000000)
  eden space 23552K, 0% used [0x0000000795580000,0x0000000795580000,0x0000000796c80000)
  from space 1536K, 76% used [0x0000000796e00000,0x0000000796f24a38,0x0000000796f80000)
  to   space 1536K, 0% used [0x0000000796c80000,0x0000000796c80000,0x0000000796e00000)
 ParOldGen       total 87552K, used 2044K [0x0000000740000000, 0x0000000745580000, 0x0000000795580000)
  object space 87552K, 2% used [0x0000000740000000,0x00000007401ff280,0x0000000745580000)
 Metaspace       used 5697K, capacity 5930K, committed 6144K, reserved 1056768K
  class space    used 569K, capacity 647K, committed 768K, reserved 1048576K
}

